<?xml version='1.0' encoding='UTF-8'?>
<testsuite hostname="asset-X555LB" name="lab4.Lab4Test" tests="16" errors="0" failures="0" skipped="0" time="0.022" timestamp="2018-09-25T14:43:39">
                     <properties>
[...]
</properties>
                     <testcase classname="lab4.Lab4Test" name="hasMiddleName should return true if Student has middle name" time="0.011">
                                                 
                                               </testcase><testcase classname="lab4.Lab4Test" name="hasMiddleName should return false if Student does no have a middle name" time="0.001">
                                                 
                                               </testcase><testcase classname="lab4.Lab4Test" name="hasDrivingLicense should return true if Student has a driving license" time="0.001">
                                                 
                                               </testcase><testcase classname="lab4.Lab4Test" name="hasDrivingLicense should return false if Student does not have a driving license" time="0.0">
                                                 
                                               </testcase><testcase classname="lab4.Lab4Test" name="addOptions should add to options with values" time="0.002">
                                                 
                                               </testcase><testcase classname="lab4.Lab4Test" name="addOptions should return None if one option has None" time="0.0">
                                                 
                                               </testcase><testcase classname="lab4.Lab4Test" name="addOptions should return None if both options are empty" time="0.0">
                                                 
                                               </testcase><testcase classname="lab4.Lab4Test" name="extractDouble should return some value if valid string of double is used" time="0.001">
                                                 
                                               </testcase><testcase classname="lab4.Lab4Test" name="extractDouble should return None if invalid string of double is used" time="0.001">
                                                 
                                               </testcase><testcase classname="lab4.Lab4Test" name="extractOperand should return some operand if valid string representation of operand is used" time="0.002">
                                                 
                                               </testcase><testcase classname="lab4.Lab4Test" name="extractOperand should return None if invalid string representation of operand is used" time="0.0">
                                                 
                                               </testcase><testcase classname="lab4.Lab4Test" name="simpleCalculate should return result of calculation if all data is valid" time="0.002">
                                                 
                                               </testcase><testcase classname="lab4.Lab4Test" name="simpleCalculate should return None if invalid operand is passed" time="0.0">
                                                 
                                               </testcase><testcase classname="lab4.Lab4Test" name="simpleCalculate should return None if operand1 is invalid" time="0.001">
                                                 
                                               </testcase><testcase classname="lab4.Lab4Test" name="simpleCalculate should return None if operand2 is invalid" time="0.0">
                                                 
                                               </testcase><testcase classname="lab4.Lab4Test" name="simpleCalculate should return None if exception is raised during calculation" time="0.0">
                                                 
                                               </testcase>
                     <system-out><![CDATA[]]></system-out>
                     <system-err><![CDATA[]]></system-err>
                   </testsuite>